<?xml version="1.0" encoding="UTF-8"?>
<!-- Generated by org.testng.reporters.JUnitReportReporter -->
<testsuite skipped="0" hostname="SONY-VAIO" name="Practice.GetMethod" tests="1" failures="0" timestamp="25 Dec 2019 13:36:39 GMT" time="4.224" errors="0">
  <testcase name="get" time="4.224" classname="Practice.GetMethod"/>
</testsuite> <!-- Practice.GetMethod -->
