<?xml version="1.0" encoding="UTF-8"?>
<!-- Generated by org.testng.reporters.JUnitReportReporter -->
<testsuite skipped="0" hostname="SONY-VAIO" name="Steps.PathParam" tests="1" failures="0" timestamp="29 Jan 2020 17:10:37 GMT" time="4.338" errors="0">
  <testcase name="test" time="4.338" classname="Steps.PathParam"/>
</testsuite> <!-- Steps.PathParam -->
