<?xml version="1.0" encoding="UTF-8"?>
<!-- Generated by org.testng.reporters.JUnitReportReporter -->
<testsuite skipped="0" hostname="SONY-VAIO" name="interview.JagguOauth2" tests="1" failures="0" timestamp="06 Mar 2020 06:41:40 GMT" time="5.222" errors="0">
  <testcase name="test" time="5.222" classname="interview.JagguOauth2"/>
</testsuite> <!-- interview.JagguOauth2 -->
