<?xml version="1.0" encoding="UTF-8"?>
<!-- Generated by org.testng.reporters.JUnitReportReporter -->
<testsuite skipped="0" hostname="SONY-VAIO" name="Steps.deleteRequest" tests="1" failures="0" timestamp="10 Dec 2019 17:23:25 GMT" time="5.305" errors="0">
  <testcase name="deleteMethod" time="5.305" classname="Steps.deleteRequest"/>
</testsuite> <!-- Steps.deleteRequest -->
