<?xml version="1.0" encoding="UTF-8"?>
<!-- Generated by org.testng.reporters.JUnitReportReporter -->
<testsuite skipped="0" hostname="SONY-VAIO" name="interview.Getcall" tests="1" failures="0" timestamp="04 Mar 2020 18:25:47 GMT" time="5.265" errors="0">
  <testcase name="test" time="5.265" classname="interview.Getcall"/>
</testsuite> <!-- interview.Getcall -->
