<?xml version="1.0" encoding="UTF-8"?>
<!-- Generated by org.testng.reporters.JUnitReportReporter -->
<testsuite skipped="0" hostname="SONY-VAIO" name="interview.GetMethod" tests="1" failures="0" timestamp="24 Feb 2020 06:55:38 GMT" time="2.991" errors="0">
  <testcase name="test" time="2.991" classname="interview.GetMethod"/>
</testsuite> <!-- interview.GetMethod -->
