<?xml version="1.0" encoding="UTF-8"?>
<!-- Generated by org.testng.reporters.JUnitReportReporter -->
<testsuite skipped="0" hostname="SONY-VAIO" name="Steps.Practice" tests="1" failures="0" timestamp="29 Dec 2019 07:37:22 GMT" time="5.442" errors="0">
  <testcase name="tesT" time="5.442" classname="Steps.Practice"/>
</testsuite> <!-- Steps.Practice -->
