<?xml version="1.0" encoding="UTF-8"?>
<!-- Generated by org.testng.reporters.JUnitReportReporter -->
<testsuite skipped="0" hostname="SONY-VAIO" name="Practice.GetWithBoday" tests="1" failures="0" timestamp="15 Jan 2020 13:21:30 GMT" time="4.211" errors="0">
  <testcase name="getBody" time="4.211" classname="Practice.GetWithBoday"/>
</testsuite> <!-- Practice.GetWithBoday -->
