<?xml version="1.0" encoding="UTF-8"?>
<!-- Generated by org.testng.reporters.JUnitReportReporter -->
<testsuite skipped="0" hostname="SONY-VAIO" name="Practice.post" tests="1" failures="0" timestamp="10 Dec 2019 05:41:44 GMT" time="4.620" errors="0">
  <testcase name="posting" time="4.620" classname="Practice.post"/>
</testsuite> <!-- Practice.post -->
