<?xml version="1.0" encoding="UTF-8"?>
<!-- Generated by org.testng.reporters.JUnitReportReporter -->
<testsuite skipped="0" hostname="SONY-VAIO" name="Practice.putRequestpra" tests="1" failures="0" timestamp="10 Dec 2019 16:57:56 GMT" time="5.336" errors="0">
  <testcase name="put" time="5.336" classname="Practice.putRequestpra"/>
</testsuite> <!-- Practice.putRequestpra -->
