<?xml version="1.0" encoding="UTF-8"?>
<!-- Generated by org.testng.reporters.JUnitReportReporter -->
<testsuite skipped="0" hostname="SONY-VAIO" name="Steps.ValidateJsonBody" tests="1" failures="0" timestamp="21 Feb 2020 17:05:11 GMT" time="5.212" errors="0">
  <testcase name="validateJson" time="5.212" classname="Steps.ValidateJsonBody"/>
</testsuite> <!-- Steps.ValidateJsonBody -->
