<?xml version="1.0" encoding="UTF-8"?>
<!-- Generated by org.testng.reporters.JUnitReportReporter -->
<testsuite skipped="0" hostname="SONY-VAIO" name="interview.Put" tests="1" failures="0" timestamp="04 Mar 2020 19:21:36 GMT" time="4.042" errors="0">
  <testcase name="test" time="4.042" classname="interview.Put"/>
</testsuite> <!-- interview.Put -->
