<?xml version="1.0" encoding="UTF-8"?>
<!-- Generated by org.testng.reporters.JUnitReportReporter -->
<testsuite skipped="0" hostname="SONY-VAIO" name="Steps.Putrequest" tests="1" failures="0" timestamp="29 Jan 2020 14:16:39 GMT" time="4.404" errors="0">
  <testcase name="testPut" time="4.404" classname="Steps.Putrequest"/>
</testsuite> <!-- Steps.Putrequest -->
