<?xml version="1.0" encoding="UTF-8"?>
<!-- Generated by org.testng.reporters.JUnitReportReporter -->
<testsuite skipped="0" hostname="SONY-VAIO" name="interview.Auth2" tests="1" failures="0" timestamp="06 Mar 2020 05:45:49 GMT" time="6.946" errors="0">
  <testcase name="test" time="6.946" classname="interview.Auth2"/>
</testsuite> <!-- interview.Auth2 -->
