<?xml version="1.0" encoding="UTF-8"?>
<!-- Generated by org.testng.reporters.JUnitReportReporter -->
<testsuite skipped="0" hostname="SONY-VAIO" name="Steps.Postrequest" tests="1" failures="0" timestamp="29 Jan 2020 15:51:14 GMT" time="5.376" errors="0">
  <testcase name="testPost" time="5.376" classname="Steps.Postrequest"/>
</testsuite> <!-- Steps.Postrequest -->
